[debug] [2019-01-15T16:46:47.538Z] ----------------------------------------------------------------------
[debug] [2019-01-15T16:46:47.542Z] Command:       /usr/bin/node /usr/bin/firebase serve
[debug] [2019-01-15T16:46:47.542Z] CLI Version:   6.2.2
[debug] [2019-01-15T16:46:47.542Z] Platform:      linux
[debug] [2019-01-15T16:46:47.542Z] Node Version:  v10.15.0
[debug] [2019-01-15T16:46:47.543Z] Time:          Tue Jan 15 2019 22:16:47 GMT+0530 (India Standard Time)
[debug] [2019-01-15T16:46:47.543Z] ----------------------------------------------------------------------
[debug] 
[debug] [2019-01-15T16:46:47.556Z] > command requires scopes: ["email","openid","https://www.googleapis.com/auth/cloudplatformprojects.readonly","https://www.googleapis.com/auth/firebase","https://www.googleapis.com/auth/cloud-platform"]
[debug] [2019-01-15T16:46:47.557Z] > authorizing via signed-in user
[debug] [2019-01-15T16:46:47.557Z] [iam] checking project react-slack-for-dev for permissions ["firebase.projects.get"]
[debug] [2019-01-15T16:46:47.560Z] >>> HTTP REQUEST POST https://cloudresourcemanager.googleapis.com/v1/projects/react-slack-for-dev:testIamPermissions  

[debug] [2019-01-15T16:46:49.332Z] <<< HTTP RESPONSE 200
[debug] [2019-01-15T16:46:49.334Z] >>> HTTP REQUEST GET https://cloudresourcemanager.googleapis.com/v1/projects/react-slack-for-dev  
 
[debug] [2019-01-15T16:46:50.992Z] <<< HTTP RESPONSE 200
[info] 
[info] === Serving from '/home/manisha/Desktop/react-slack-clone-tutorial'...
[info] 
[debug] [2019-01-15T16:46:52.106Z] Error: EACCES: permission denied, mkdir '/usr/lib/node_modules/firebase-tools/node_modules/@google-cloud/functions-emulator/logs'
    at Object.mkdirSync (fs.js:753:3)
    at Object.assertLogsPath (/usr/lib/node_modules/firebase-tools/node_modules/@google-cloud/functions-emulator/src/emulator/logs.js:65:10)
    at new Controller (/usr/lib/node_modules/firebase-tools/node_modules/@google-cloud/functions-emulator/src/cli/controller.js:77:32)
    at FunctionsEmulator.start (/usr/lib/node_modules/firebase-tools/lib/functionsEmulator.js:102:23)
    at Object.start (/usr/lib/node_modules/firebase-tools/lib/serve/functions.js:7:33)
    at /usr/lib/node_modules/firebase-tools/lib/serve/index.js:15:23
    at arrayMap (/usr/lib/node_modules/firebase-tools/node_modules/lodash/lodash.js:639:23)
    at Function.map (/usr/lib/node_modules/firebase-tools/node_modules/lodash/lodash.js:9556:14)
    at _serve (/usr/lib/node_modules/firebase-tools/lib/serve/index.js:13:26)
    at Command.module.exports.Command.description.option.option.option.option.before.action [as _action] (/usr/lib/node_modules/firebase-tools/lib/commands/serve.js:55:12)
[error] 
[error] Error: An unexpected error has occurred.
